<?xml version="1.0" encoding="UTF-8"?>
<!-- Generated by org.testng.reporters.JUnitReportReporter -->
<testsuite hostname="LAPTOP-3785COIL" name="com.sfdc.qa.tests.LoginTest" tests="3" failures="0" timestamp="26 Aug 2019 10:52:30 GMT" time="32.840" errors="0">
  <testcase name="tabValidation" time="2.726" classname="com.sfdc.qa.tests.LoginTest"/>
  <testcase name="loginToSFDC" time="30.103" classname="com.sfdc.qa.tests.LoginTest"/>
  <testcase name="loginPageTitleValidation" time="0.011" classname="com.sfdc.qa.tests.LoginTest"/>
</testsuite> <!-- com.sfdc.qa.tests.LoginTest -->
