<?xml version="1.0" encoding="UTF-8"?>
<!-- Generated by org.testng.reporters.JUnitReportReporter -->
<testsuite skipped="0" hostname="LAPTOP-3785COIL" name="com.qa.testcases.TC005_DeleteEmployeeRecord" tests="5" failures="0" timestamp="19 Dec 2019 18:50:04 GMT" time="10.117" errors="0">
  <testcase name="deleteRecord" time="10.112" classname="com.qa.testcases.TC005_DeleteEmployeeRecord"/>
  <testcase name="validateStatusLineAndStatusCode" time="0.001" classname="com.qa.testcases.TC005_DeleteEmployeeRecord"/>
  <testcase name="validateResponseBody" time="0.002" classname="com.qa.testcases.TC005_DeleteEmployeeRecord"/>
  <testcase name="validateContentType" time="0.001" classname="com.qa.testcases.TC005_DeleteEmployeeRecord"/>
  <testcase name="validateServerType" time="0.001" classname="com.qa.testcases.TC005_DeleteEmployeeRecord"/>
</testsuite> <!-- com.qa.testcases.TC005_DeleteEmployeeRecord -->
