<?xml version="1.0" encoding="UTF-8"?>
<!-- Generated by org.testng.reporters.JUnitReportReporter -->
<testsuite skipped="0" hostname="LAPTOP-3785COIL" name="com.qa.testcases.TC004_PutEmployeeData" tests="5" failures="0" timestamp="19 Dec 2019 18:50:04 GMT" time="7.060" errors="0">
  <testcase name="validateStatusLineAndStatusCode" time="0.002" classname="com.qa.testcases.TC004_PutEmployeeData"/>
  <testcase name="validateResponseBody" time="0.038" classname="com.qa.testcases.TC004_PutEmployeeData"/>
  <testcase name="putRequest" time="7.009" classname="com.qa.testcases.TC004_PutEmployeeData"/>
  <testcase name="validateServerType" time="0.002" classname="com.qa.testcases.TC004_PutEmployeeData"/>
  <testcase name="validateContentType" time="0.009" classname="com.qa.testcases.TC004_PutEmployeeData"/>
</testsuite> <!-- com.qa.testcases.TC004_PutEmployeeData -->
