<?xml version="1.0" encoding="UTF-8"?>
<!-- Generated by org.testng.reporters.JUnitReportReporter -->
<testsuite skipped="0" hostname="LAPTOP-3785COIL" name="com.qa.testcases.TC001_GetAllEmployees" tests="6" failures="0" timestamp="23 Dec 2019 16:00:34 GMT" time="2.106" errors="0">
  <testcase name="checkStatusLine_StatusCode" time="0.002" classname="com.qa.testcases.TC001_GetAllEmployees"/>
  <testcase name="getResponseBody" time="0.927" classname="com.qa.testcases.TC001_GetAllEmployees"/>
  <testcase name="updateEmpIDinConfigFile" time="1.159" classname="com.qa.testcases.TC001_GetAllEmployees"/>
  <testcase name="checkResponseTime" time="0.007" classname="com.qa.testcases.TC001_GetAllEmployees"/>
  <testcase name="checkServer" time="0.003" classname="com.qa.testcases.TC001_GetAllEmployees"/>
  <testcase name="checkContentType" time="0.008" classname="com.qa.testcases.TC001_GetAllEmployees"/>
</testsuite> <!-- com.qa.testcases.TC001_GetAllEmployees -->
