<?xml version="1.0" encoding="UTF-8"?>
<!-- Generated by org.testng.reporters.JUnitReportReporter -->
<testsuite skipped="0" hostname="LAPTOP-3785COIL" name="com.qa.testcases.TC003_PostEmployeeRecord" tests="2" failures="0" timestamp="19 Dec 2019 18:50:04 GMT" time="7.006" errors="0">
  <testcase name="validateResponse" time="0.038" classname="com.qa.testcases.TC003_PostEmployeeRecord"/>
  <testcase name="postRequest" time="6.968" classname="com.qa.testcases.TC003_PostEmployeeRecord"/>
</testsuite> <!-- com.qa.testcases.TC003_PostEmployeeRecord -->
