<?xml version="1.0" encoding="UTF-8"?>
<!-- Generated by org.testng.reporters.JUnitReportReporter -->
<testsuite skipped="0" hostname="LAPTOP-3785COIL" name="com.qa.testcases.TC002_GetSingleEmployeeData" tests="5" failures="0" timestamp="19 Dec 2019 18:50:04 GMT" time="1.313" errors="0">
  <testcase name="checkContentType" time="0.004" classname="com.qa.testcases.TC002_GetSingleEmployeeData"/>
  <testcase name="checkResponse" time="0.015" classname="com.qa.testcases.TC002_GetSingleEmployeeData"/>
  <testcase name="checkStatusCode_StatusLine" time="0.002" classname="com.qa.testcases.TC002_GetSingleEmployeeData"/>
  <testcase name="getResponse" time="1.283" classname="com.qa.testcases.TC002_GetSingleEmployeeData"/>
  <testcase name="checkContentLength" time="0.009" classname="com.qa.testcases.TC002_GetSingleEmployeeData"/>
</testsuite> <!-- com.qa.testcases.TC002_GetSingleEmployeeData -->
