<?xml version="1.0" encoding="UTF-8"?>
<!-- Generated by org.testng.reporters.JUnitReportReporter -->
<testsuite skipped="0" hostname="LAPTOP-3785COIL" name="com.qa.testcases.WebDriverTests" tests="2" failures="0" timestamp="01 Jan 2020 08:52:26 GMT" time="4.688" errors="0">
  <testcase name="waitForPage" time="0.050" classname="com.qa.testcases.WebDriverTests"/>
  <testcase name="searchSuggestions" time="4.638" classname="com.qa.testcases.WebDriverTests"/>
</testsuite> <!-- com.qa.testcases.WebDriverTests -->
