<?xml version="1.0" encoding="UTF-8"?>
<testsuite xmlns:xsi="http://www.w3.org/2001/XMLSchema-instance" xsi:noNamespaceSchemaLocation="https://maven.apache.org/surefire/maven-surefire-plugin/xsd/surefire-test-report.xsd" name="TestSuite" time="598.555" tests="19" errors="0" skipped="0" failures="1">
  <properties>
    <property name="awt.toolkit" value="sun.awt.windows.WToolkit"/>
    <property name="RUN_DISPLAY_URL" value="http://localhost:8080/job/SFDC_v02/4/display/redirect"/>
    <property name="java.specification.version" value="1.8"/>
    <property name="HUDSON_HOME" value="C:\Users\dhanr\.jenkins"/>
    <property name="RUN_CHANGES_DISPLAY_URL" value="http://localhost:8080/job/SFDC_v02/4/display/redirect?page=changes"/>
    <property name="sun.cpu.isalist" value="amd64"/>
    <property name="sun.jnu.encoding" value="Cp1252"/>
    <property name="SESSIONNAME" value="Console"/>
    <property name="ALLUSERSPROFILE" value="C:\ProgramData"/>
    <property name="sun.arch.data.model" value="64"/>
    <property name="GOOGLE_DEFAULT_CLIENT_SECRET" value="no"/>
    <property name="SystemDrive" value="C:"/>
    <property name="java.vendor.url" value="http://java.oracle.com/"/>
    <property name="JENKINS_SERVER_COOKIE" value="f5cd00b0aebfdf5e"/>
    <property name="USERNAME" value="dhanr"/>
    <property name="ProgramFiles(x86)" value="C:\Program Files (x86)"/>
    <property name="JENKINS_URL" value="http://localhost:8080/"/>
    <property name="sun.boot.library.path" value="C:\Program Files\Java\jdk1.8.0_201\jre\bin"/>
    <property name="sun.java.command" value="jenkins.maven3.agent.Maven35Main C:\Users\dhanr\.jenkins\tools\hudson.tasks.Maven_MavenInstallation\TestMaven C:\Users\dhanr\.jenkins\war\WEB-INF\lib\remoting-4.5.jar C:\Users\dhanr\.jenkins\plugins\maven-plugin\WEB-INF\lib\maven35-interceptor-1.12.jar C:\Users\dhanr\.jenkins\plugins\maven-plugin\WEB-INF\lib\maven3-interceptor-commons-1.12.jar 64716"/>
    <property name="PATHEXT" value=".COM;.EXE;.BAT;.CMD;.VBS;.VBE;.JS;.JSE;.WSF;.WSH;.MSC"/>
    <property name="maven.home" value="C:\Users\dhanr\.jenkins\tools\hudson.tasks.Maven_MavenInstallation\TestMaven"/>
    <property name="DriverData" value="C:\Windows\System32\Drivers\DriverData"/>
    <property name="POM_GROUPID" value="SFDCv02"/>
    <property name="java.specification.vendor" value="Oracle Corporation"/>
    <property name="DASHLANE_DLL_DIR" value="C:\Users\dhanr\AppData\Roaming\Dashlane\6.1903.0.16930\bin\Firefox_Extension\{442718d9-475e-452a-b3e1-fb1ee16b8e9f}\components;C:\Users\dhanr\AppData\Roaming\Dashlane\6.1903.0.16930\ucrt;C:\Users\dhanr\AppData\Roaming\Dashlane\6.1903.0.16930\bin\Qt;C:\Users\dhanr\AppData\Roaming\Dashlane\6.1903.0.16930\bin\Ssl"/>
    <property name="java.home" value="C:\Program Files\Java\jdk1.8.0_201\jre"/>
    <property name="JENKINS_HOME" value="C:\Users\dhanr\.jenkins"/>
    <property name="PyCharm Community Edition" value="C:\Program Files\JetBrains\PyCharm Community Edition 2019.3.1\bin;"/>
    <property name="basedir" value="D:\workspace\SFDCv02"/>
    <property name="file.separator" value="\"/>
    <property name="line.separator" value="&#10;"/>
    <property name="NODE_NAME" value="master"/>
    <property name="HOMEPATH" value="\Users\dhanr"/>
    <property name="java.specification.name" value="Java Platform API Specification"/>
    <property name="BUILD_DISPLAY_NAME" value="#4"/>
    <property name="java.vm.specification.vendor" value="Oracle Corporation"/>
    <property name="PROCESSOR_IDENTIFIER" value="Intel64 Family 6 Model 142 Stepping 9, GenuineIntel"/>
    <property name="maven3.interceptor" value="C:\Users\dhanr\.jenkins\plugins\maven-plugin\WEB-INF\lib\maven35-interceptor-1.12.jar"/>
    <property name="PATH+MAVEN" value="C:\Users\dhanr\.jenkins\tools\hudson.tasks.Maven_MavenInstallation\TestMaven/bin"/>
    <property name="PUBLIC" value="C:\Users\Public"/>
    <property name="maven3.interceptor.common" value="C:\Users\dhanr\.jenkins\plugins\maven-plugin\WEB-INF\lib\maven3-interceptor-commons-1.12.jar"/>
    <property name="ProgramFiles" value="C:\Program Files"/>
    <property name="windir" value="C:\WINDOWS"/>
    <property name="=::" value="::\"/>
    <property name="WORKSPACE_TMP" value="C:\Users\dhanr\.jenkins\workspace\SFDC_v02@tmp"/>
    <property name="sun.boot.class.path" value="C:\Program Files\Java\jdk1.8.0_201\jre\lib\resources.jar;C:\Program Files\Java\jdk1.8.0_201\jre\lib\rt.jar;C:\Program Files\Java\jdk1.8.0_201\jre\lib\sunrsasign.jar;C:\Program Files\Java\jdk1.8.0_201\jre\lib\jsse.jar;C:\Program Files\Java\jdk1.8.0_201\jre\lib\jce.jar;C:\Program Files\Java\jdk1.8.0_201\jre\lib\charsets.jar;C:\Program Files\Java\jdk1.8.0_201\jre\lib\jfr.jar;C:\Program Files\Java\jdk1.8.0_201\jre\classes"/>
    <property name="user.script" value=""/>
    <property name="sun.management.compiler" value="HotSpot 64-Bit Tiered Compilers"/>
    <property name="PROMPT" value="$P$G"/>
    <property name="JAVA_HOME" value="C:\Program Files\Java\jdk1.8.0_201"/>
    <property name="java.runtime.version" value="1.8.0_201-b09"/>
    <property name="user.name" value="dhanr"/>
    <property name="POM_ARTIFACTID" value="SFDCv02"/>
    <property name="asl.log" value="Destination=file"/>
    <property name="OneDrive" value="C:\OneDrive"/>
    <property name="file.encoding" value="Cp1252"/>
    <property name="APPDATA" value="C:\Users\dhanr\AppData\Roaming"/>
    <property name="=C:" value="C:\jenkins"/>
    <property name="guice.disable.misplaced.annotation.check" value="true"/>
    <property name="HUDSON_URL" value="http://localhost:8080/"/>
    <property name="WORKSPACE" value="C:\Users\dhanr\.jenkins\workspace\SFDC_v02"/>
    <property name="GOOGLE_API_KEY" value="no"/>
    <property name="localRepository" value="C:\Users\dhanr\.m2\repository"/>
    <property name="Path" value="C:\app\dhanr\product\18.0.0\dbhomeXE\bin;C:\Program Files\Java\jdk1.8.0_201\bin;C:\Program Files (x86)\Common Files\Oracle\Java\javapath;C:\Program Files (x86)\Intel\Intel(R) Management Engine Components\iCLS\;C:\Program Files\Intel\Intel(R) Management Engine Components\iCLS\;C:\Windows\system32;C:\Windows;C:\Windows\System32\Wbem;C:\Windows\System32\WindowsPowerShell\v1.0\;C:\Program Files (x86)\NVIDIA Corporation\PhysX\Common;C:\WINDOWS\system32;C:\WINDOWS;C:\WINDOWS\System32\Wbem;C:\WINDOWS\System32\WindowsPowerShell\v1.0\;C:\Program Files (x86)\Common Files\Acronis\VirtualFile\;C:\Program Files (x86)\Common Files\Acronis\VirtualFile64\;C:\Program Files (x86)\Common Files\Acronis\FileProtector\;C:\Program Files (x86)\Common Files\Acronis\FileProtector64\;C:\Program Files (x86)\Common Files\Acronis\SnapAPI\;C:\Program Files\nodejs\;C:\WINDOWS\System32\OpenSSH\;C:\Program Files (x86)\Intel\Intel(R) Management Engine Components\DAL;C:\Program Files\Intel\Intel(R) Management Engine Components\DAL;C:\Program Files (x86)\Intel\Intel(R) Management Engine Components\IPT;C:\Program Files\Intel\Intel(R) Management Engine Components\IPT;C:\Program Files\Apache Software Foundation\apache-maven-3.5.2\bin;C:\Program Files\NVIDIA Corporation\NVIDIA NvDLISR;C:\WINDOWS\system32;C:\WINDOWS;C:\WINDOWS\System32\Wbem;C:\WINDOWS\System32\WindowsPowerShell\v1.0\;C:\WINDOWS\System32\OpenSSH\;C:\Program Files\Git\cmd;C:\Users\dhanr\AppData\Local\Programs\Python\Python38-32;C:\Users\dhanr\AppData\Local\Programs\Python\Python38-32\Scripts;C:\Users\dhanr\AppData\Local\Programs\Python\Python38-32\Lib;C:\Program Files\MySQL\MySQL Shell 8.0\bin\;C:\Users\dhanr\AppData\Local\Microsoft\WindowsApps;C:\Program Files\Java\jdk1.8.0_201\bin;C:\Users\dhanr\AppData\Roaming\npm;C:\Users\dhanr\AppData\Roaming\Dashlane\6.1903.0.16930\bin\Firefox_Extension\{442718d9-475e-452a-b3e1-fb1ee16b8e9f}\components;C:\Users\dhanr\AppData\Roaming\Dashlane\6.1903.0.16930\ucrt;C:\Users\dhanr\AppData\Roaming\Dashlane\6.1903.0.16930\bin\Qt;C:\Users\dhanr\AppData\Roaming\Dashlane\6.1903.0.16930\bin\Ssl;C:\Program Files\JetBrains\PyCharm Community Edition 2019.3.1\bin;C:\Users\dhanr\AppData\Local\Programs\Microsoft VS Code\bin;C:\Users\dhanr\AppData\Local\Microsoft\WindowsApps;"/>
    <property name="java.io.tmpdir" value="C:\Users\dhanr\AppData\Local\Temp\"/>
    <property name="java.version" value="1.8.0_201"/>
    <property name="COMPUTERNAME" value="LAPTOP-3785COIL"/>
    <property name="java.vm.specification.name" value="Java Virtual Machine Specification"/>
    <property name="java.awt.printerjob" value="sun.awt.windows.WPrinterJob"/>
    <property name="JOB_BASE_NAME" value="SFDC_v02"/>
    <property name="sun.os.patch.level" value=""/>
    <property name="ComSpec" value="C:\WINDOWS\system32\cmd.exe"/>
    <property name="org.slf4j.simpleLogger.defaultLogLevel" value="info"/>
    <property name="BUILD_NUMBER" value="4"/>
    <property name="java.library.path" value="C:\Program Files\Java\jdk1.8.0_201\bin;C:\WINDOWS\Sun\Java\bin;C:\WINDOWS\system32;C:\WINDOWS;C:\Users\dhanr\.jenkins\tools\hudson.tasks.Maven_MavenInstallation\TestMaven/bin;C:\app\dhanr\product\18.0.0\dbhomeXE\bin;C:\Program Files\Java\jdk1.8.0_201\bin;C:\Program Files (x86)\Common Files\Oracle\Java\javapath;C:\Program Files (x86)\Intel\Intel(R) Management Engine Components\iCLS\;C:\Program Files\Intel\Intel(R) Management Engine Components\iCLS\;C:\Windows\system32;C:\Windows;C:\Windows\System32\Wbem;C:\Windows\System32\WindowsPowerShell\v1.0\;C:\Program Files (x86)\NVIDIA Corporation\PhysX\Common;C:\WINDOWS\system32;C:\WINDOWS;C:\WINDOWS\System32\Wbem;C:\WINDOWS\System32\WindowsPowerShell\v1.0\;C:\Program Files (x86)\Common Files\Acronis\VirtualFile\;C:\Program Files (x86)\Common Files\Acronis\VirtualFile64\;C:\Program Files (x86)\Common Files\Acronis\FileProtector\;C:\Program Files (x86)\Common Files\Acronis\FileProtector64\;C:\Program Files (x86)\Common Files\Acronis\SnapAPI\;C:\Program Files\nodejs\;C:\WINDOWS\System32\OpenSSH\;C:\Program Files (x86)\Intel\Intel(R) Management Engine Components\DAL;C:\Program Files\Intel\Intel(R) Management Engine Components\DAL;C:\Program Files (x86)\Intel\Intel(R) Management Engine Components\IPT;C:\Program Files\Intel\Intel(R) Management Engine Components\IPT;C:\Program Files\Apache Software Foundation\apache-maven-3.5.2\bin;C:\Program Files\NVIDIA Corporation\NVIDIA NvDLISR;C:\WINDOWS\system32;C:\WINDOWS;C:\WINDOWS\System32\Wbem;C:\WINDOWS\System32\WindowsPowerShell\v1.0\;C:\WINDOWS\System32\OpenSSH\;C:\Program Files\Git\cmd;C:\Users\dhanr\AppData\Local\Programs\Python\Python38-32;C:\Users\dhanr\AppData\Local\Programs\Python\Python38-32\Scripts;C:\Users\dhanr\AppData\Local\Programs\Python\Python38-32\Lib;C:\Program Files\MySQL\MySQL Shell 8.0\bin\;C:\Users\dhanr\AppData\Local\Microsoft\WindowsApps;C:\Program Files\Java\jdk1.8.0_201\bin;C:\Users\dhanr\AppData\Roaming\npm;C:\Users\dhanr\AppData\Roaming\Dashlane\6.1903.0.16930\bin\Firefox_Extension\{442718d9-475e-452a-b3e1-fb1ee16b8e9f}\components;C:\Users\dhanr\AppData\Roaming\Dashlane\6.1903.0.16930\ucrt;C:\Users\dhanr\AppData\Roaming\Dashlane\6.1903.0.16930\bin\Qt;C:\Users\dhanr\AppData\Roaming\Dashlane\6.1903.0.16930\bin\Ssl;C:\Program Files\JetBrains\PyCharm Community Edition 2019.3.1\bin;C:\Users\dhanr\AppData\Local\Programs\Microsoft VS Code\bin;C:\Users\dhanr\AppData\Local\Microsoft\WindowsApps;;."/>
    <property name="BUILD_URL" value="http://localhost:8080/job/SFDC_v02/4/"/>
    <property name="java.vendor" value="Oracle Corporation"/>
    <property name="HOMEDRIVE" value="C:"/>
    <property name="sun.io.unicode.encoding" value="UnicodeLittle"/>
    <property name="POM_DISPLAYNAME" value="SFDCv02"/>
    <property name="NUMBER_OF_PROCESSORS" value="4"/>
    <property name="sun.desktop" value="windows"/>
    <property name="configsetroot" value="C:\WINDOWS\ConfigSetRoot"/>
    <property name="USERDOMAIN_ROAMINGPROFILE" value="LAPTOP-3785COIL"/>
    <property name="GOOGLE_DEFAULT_CLIENT_ID" value="no"/>
    <property name="PROCESSOR_LEVEL" value="6"/>
    <property name="file.encoding.pkg" value="sun.io"/>
    <property name="M2" value="C:\Program Files\Apache Software Foundation\apache-maven-3.5.2\bin"/>
    <property name="webdriver.chrome.driver" value="D:\workspace\SFDCv02//chromedriver.exe"/>
    <property name="JOB_URL" value="http://localhost:8080/job/SFDC_v02/"/>
    <property name="java.class.path" value="C:\Users\dhanr\.jenkins\plugins\maven-plugin\WEB-INF\lib\maven35-agent-1.12.jar;C:\Users\dhanr\.jenkins\tools\hudson.tasks.Maven_MavenInstallation\TestMaven\boot\plexus-classworlds-2.6.0.jar;C:\Users\dhanr\.jenkins\tools\hudson.tasks.Maven_MavenInstallation\TestMaven/conf/logging"/>
    <property name="PROCESSOR_ARCHITECTURE" value="AMD64"/>
    <property name="java.vm.vendor" value="Oracle Corporation"/>
    <property name="PSModulePath" value="C:\Program Files (x86)\WindowsPowerShell\Modules;C:\WINDOWS\system32\WindowsPowerShell\v1.0\Modules;C:\Program Files (x86)\AutoIt3\AutoItX"/>
    <property name="user.variant" value=""/>
    <property name="MAVEN_HOME" value="C:\Users\dhanr\.jenkins\tools\hudson.tasks.Maven_MavenInstallation\TestMaven"/>
    <property name="user.timezone" value="Asia/Calcutta"/>
    <property name="maven.conf" value="C:\Users\dhanr\.jenkins\tools\hudson.tasks.Maven_MavenInstallation\TestMaven\conf"/>
    <property name="os.name" value="Windows 10"/>
    <property name="java.vm.specification.version" value="1.8"/>
    <property name="sun.java.launcher" value="SUN_STANDARD"/>
    <property name="user.country" value="IN"/>
    <property name="POM_VERSION" value="0.0.1-SNAPSHOT"/>
    <property name="BUILD_TAG" value="jenkins-SFDC_v02-4"/>
    <property name="surefire.test.class.path" value="D:\workspace\SFDCv02\target\test-classes;D:\workspace\SFDCv02\target\classes;C:\Users\dhanr\.m2\repository\org\seleniumhq\selenium\selenium-java\3.141.59\selenium-java-3.141.59.jar;C:\Users\dhanr\.m2\repository\org\seleniumhq\selenium\selenium-api\3.141.59\selenium-api-3.141.59.jar;C:\Users\dhanr\.m2\repository\org\seleniumhq\selenium\selenium-edge-driver\3.141.59\selenium-edge-driver-3.141.59.jar;C:\Users\dhanr\.m2\repository\org\seleniumhq\selenium\selenium-firefox-driver\3.141.59\selenium-firefox-driver-3.141.59.jar;C:\Users\dhanr\.m2\repository\org\seleniumhq\selenium\selenium-ie-driver\3.141.59\selenium-ie-driver-3.141.59.jar;C:\Users\dhanr\.m2\repository\org\seleniumhq\selenium\selenium-opera-driver\3.141.59\selenium-opera-driver-3.141.59.jar;C:\Users\dhanr\.m2\repository\org\seleniumhq\selenium\selenium-remote-driver\3.141.59\selenium-remote-driver-3.141.59.jar;C:\Users\dhanr\.m2\repository\org\seleniumhq\selenium\selenium-safari-driver\3.141.59\selenium-safari-driver-3.141.59.jar;C:\Users\dhanr\.m2\repository\org\seleniumhq\selenium\selenium-support\3.141.59\selenium-support-3.141.59.jar;C:\Users\dhanr\.m2\repository\net\bytebuddy\byte-buddy\1.8.15\byte-buddy-1.8.15.jar;C:\Users\dhanr\.m2\repository\org\apache\commons\commons-exec\1.3\commons-exec-1.3.jar;C:\Users\dhanr\.m2\repository\com\squareup\okhttp3\okhttp\3.11.0\okhttp-3.11.0.jar;C:\Users\dhanr\.m2\repository\com\squareup\okio\okio\1.14.0\okio-1.14.0.jar;C:\Users\dhanr\.m2\repository\org\seleniumhq\selenium\selenium-server\3.141.59\selenium-server-3.141.59.jar;C:\Users\dhanr\.m2\repository\net\jcip\jcip-annotations\1.0\jcip-annotations-1.0.jar;C:\Users\dhanr\.m2\repository\org\seleniumhq\selenium\jetty-repacked\9.4.12.v20180830\jetty-repacked-9.4.12.v20180830.jar;C:\Users\dhanr\.m2\repository\javax\servlet\javax.servlet-api\3.1.0\javax.servlet-api-3.1.0.jar;C:\Users\dhanr\.m2\repository\org\yaml\snakeyaml\1.19\snakeyaml-1.19.jar;C:\Users\dhanr\.m2\repository\org\seleniumhq\selenium\selenium-chrome-driver\3.141.59\selenium-chrome-driver-3.141.59.jar;C:\Users\dhanr\.m2\repository\com\google\guava\guava\25.0-jre\guava-25.0-jre.jar;C:\Users\dhanr\.m2\repository\com\google\code\findbugs\jsr305\1.3.9\jsr305-1.3.9.jar;C:\Users\dhanr\.m2\repository\org\checkerframework\checker-compat-qual\2.0.0\checker-compat-qual-2.0.0.jar;C:\Users\dhanr\.m2\repository\com\google\errorprone\error_prone_annotations\2.1.3\error_prone_annotations-2.1.3.jar;C:\Users\dhanr\.m2\repository\com\google\j2objc\j2objc-annotations\1.1\j2objc-annotations-1.1.jar;C:\Users\dhanr\.m2\repository\org\codehaus\mojo\animal-sniffer-annotations\1.14\animal-sniffer-annotations-1.14.jar;C:\Users\dhanr\.m2\repository\com\beust\jcommander\1.7\jcommander-1.7.jar;C:\Users\dhanr\.m2\repository\commons-io\commons-io\2.7\commons-io-2.7.jar;C:\Users\dhanr\.m2\repository\org\testng\testng\6.8\testng-6.8.jar;C:\Users\dhanr\.m2\repository\junit\junit\4.10\junit-4.10.jar;C:\Users\dhanr\.m2\repository\org\hamcrest\hamcrest-core\1.1\hamcrest-core-1.1.jar;C:\Users\dhanr\.m2\repository\org\beanshell\bsh\2.0b4\bsh-2.0b4.jar;C:\Users\dhanr\.m2\repository\org\apache\poi\poi\4.1.2\poi-4.1.2.jar;C:\Users\dhanr\.m2\repository\commons-codec\commons-codec\1.13\commons-codec-1.13.jar;C:\Users\dhanr\.m2\repository\org\apache\commons\commons-collections4\4.4\commons-collections4-4.4.jar;C:\Users\dhanr\.m2\repository\org\apache\commons\commons-math3\3.6.1\commons-math3-3.6.1.jar;C:\Users\dhanr\.m2\repository\com\zaxxer\SparseBitSet\1.2\SparseBitSet-1.2.jar;C:\Users\dhanr\.m2\repository\org\apache\poi\poi-ooxml\4.1.2\poi-ooxml-4.1.2.jar;C:\Users\dhanr\.m2\repository\org\apache\commons\commons-compress\1.19\commons-compress-1.19.jar;C:\Users\dhanr\.m2\repository\com\github\virtuald\curvesapi\1.06\curvesapi-1.06.jar;C:\Users\dhanr\.m2\repository\org\apache\poi\poi-ooxml-schemas\4.1.2\poi-ooxml-schemas-4.1.2.jar;C:\Users\dhanr\.m2\repository\org\apache\xmlbeans\xmlbeans\3.1.0\xmlbeans-3.1.0.jar;C:\Users\dhanr\.m2\repository\org\apache\poi\poi-scratchpad\4.1.2\poi-scratchpad-4.1.2.jar;C:\Users\dhanr\.m2\repository\org\apache\poi\openxml4j\1.0-beta\openxml4j-1.0-beta.jar;C:\Users\dhanr\.m2\repository\dom4j\dom4j\1.6.1\dom4j-1.6.1.jar;C:\Users\dhanr\.m2\repository\xml-apis\xml-apis\1.0.b2\xml-apis-1.0.b2.jar;C:\Users\dhanr\.m2\repository\org\apache\poi\ooxml-schemas\1.4\ooxml-schemas-1.4.jar;C:\Users\dhanr\.m2\repository\log4j\log4j\1.2.17\log4j-1.2.17.jar;C:\Users\dhanr\.m2\repository\commons-configuration\commons-configuration\1.6\commons-configuration-1.6.jar;C:\Users\dhanr\.m2\repository\commons-collections\commons-collections\3.2.1\commons-collections-3.2.1.jar;C:\Users\dhanr\.m2\repository\commons-lang\commons-lang\2.4\commons-lang-2.4.jar;C:\Users\dhanr\.m2\repository\commons-logging\commons-logging\1.1.1\commons-logging-1.1.1.jar;C:\Users\dhanr\.m2\repository\commons-digester\commons-digester\1.8\commons-digester-1.8.jar;C:\Users\dhanr\.m2\repository\commons-beanutils\commons-beanutils\1.7.0\commons-beanutils-1.7.0.jar;C:\Users\dhanr\.m2\repository\commons-beanutils\commons-beanutils-core\1.8.0\commons-beanutils-core-1.8.0.jar;C:\Users\dhanr\.m2\repository\io\rest-assured\rest-assured\4.2.0\rest-assured-4.2.0.jar;C:\Users\dhanr\.m2\repository\org\codehaus\groovy\groovy\2.5.8\groovy-2.5.8.jar;C:\Users\dhanr\.m2\repository\org\codehaus\groovy\groovy-xml\2.5.8\groovy-xml-2.5.8.jar;C:\Users\dhanr\.m2\repository\org\apache\httpcomponents\httpclient\4.5.3\httpclient-4.5.3.jar;C:\Users\dhanr\.m2\repository\org\apache\httpcomponents\httpcore\4.4.6\httpcore-4.4.6.jar;C:\Users\dhanr\.m2\repository\org\apache\httpcomponents\httpmime\4.5.3\httpmime-4.5.3.jar;C:\Users\dhanr\.m2\repository\org\hamcrest\hamcrest\2.1\hamcrest-2.1.jar;C:\Users\dhanr\.m2\repository\org\ccil\cowan\tagsoup\tagsoup\1.2.1\tagsoup-1.2.1.jar;C:\Users\dhanr\.m2\repository\io\rest-assured\json-path\4.2.0\json-path-4.2.0.jar;C:\Users\dhanr\.m2\repository\org\codehaus\groovy\groovy-json\2.5.8\groovy-json-2.5.8.jar;C:\Users\dhanr\.m2\repository\io\rest-assured\rest-assured-common\4.2.0\rest-assured-common-4.2.0.jar;C:\Users\dhanr\.m2\repository\io\rest-assured\xml-path\4.2.0\xml-path-4.2.0.jar;C:\Users\dhanr\.m2\repository\jakarta\xml\bind\jakarta.xml.bind-api\2.3.2\jakarta.xml.bind-api-2.3.2.jar;C:\Users\dhanr\.m2\repository\jakarta\activation\jakarta.activation-api\1.2.1\jakarta.activation-api-1.2.1.jar;C:\Users\dhanr\.m2\repository\com\sun\xml\bind\jaxb-osgi\2.3.0.1\jaxb-osgi-2.3.0.1.jar;C:\Users\dhanr\.m2\repository\org\apache\sling\org.apache.sling.javax.activation\0.1.0\org.apache.sling.javax.activation-0.1.0.jar;C:\Users\dhanr\.m2\repository\javax\activation\activation\1.1.1\activation-1.1.1.jar;C:\Users\dhanr\.m2\repository\org\apache\commons\commons-lang3\3.9\commons-lang3-3.9.jar;C:\Users\dhanr\.m2\repository\com\relevantcodes\extentreports\2.41.2\extentreports-2.41.2.jar;C:\Users\dhanr\.m2\repository\org\jsoup\jsoup\1.8.3\jsoup-1.8.3.jar;C:\Users\dhanr\.m2\repository\org\xerial\sqlite-jdbc\3.8.11.1\sqlite-jdbc-3.8.11.1.jar;C:\Users\dhanr\.m2\repository\org\freemarker\freemarker\2.3.23\freemarker-2.3.23.jar;C:\Users\dhanr\.m2\repository\org\mongodb\mongodb-driver\3.0.4\mongodb-driver-3.0.4.jar;C:\Users\dhanr\.m2\repository\org\mongodb\bson\3.0.4\bson-3.0.4.jar;C:\Users\dhanr\.m2\repository\org\mongodb\mongodb-driver-core\3.0.4\mongodb-driver-core-3.0.4.jar;"/>
    <property name="sun.cpu.endian" value="little"/>
    <property name="OneDriveConsumer" value="C:\OneDrive"/>
    <property name="user.home" value="C:\Users\dhanr"/>
    <property name="user.language" value="en"/>
    <property name="ProgramData" value="C:\ProgramData"/>
    <property name="ProgramW6432" value="C:\Program Files"/>
    <property name="M2_HOME" value="C:\Users\dhanr\.jenkins\tools\hudson.tasks.Maven_MavenInstallation\TestMaven"/>
    <property name="java.awt.graphicsenv" value="sun.awt.Win32GraphicsEnvironment"/>
    <property name="JOB_DISPLAY_URL" value="http://localhost:8080/job/SFDC_v02/display/redirect"/>
    <property name="LOCALAPPDATA" value="C:\Users\dhanr\AppData\Local"/>
    <property name="POM_PACKAGING" value="jar"/>
    <property name="USERDOMAIN" value="LAPTOP-3785COIL"/>
    <property name="LOGONSERVER" value="\\LAPTOP-3785COIL"/>
    <property name="path.separator" value=";"/>
    <property name="BUILD_ID" value="4"/>
    <property name="JOB_NAME" value="SFDC_v02"/>
    <property name="os.version" value="10.0"/>
    <property name="java.endorsed.dirs" value="C:\Program Files\Java\jdk1.8.0_201\jre\lib\endorsed"/>
    <property name="java.runtime.name" value="Java(TM) SE Runtime Environment"/>
    <property name="NODE_LABELS" value="master"/>
    <property name="java.vm.name" value="Java HotSpot(TM) 64-Bit Server VM"/>
    <property name="CommonProgramFiles" value="C:\Program Files\Common Files"/>
    <property name="java.vendor.url.bug" value="http://bugreport.sun.com/bugreport/"/>
    <property name="OS" value="Windows_NT"/>
    <property name="user.dir" value="D:\workspace\SFDCv02"/>
    <property name="EXECUTOR_NUMBER" value="1"/>
    <property name="os.arch" value="amd64"/>
    <property name="HUDSON_SERVER_COOKIE" value="f5cd00b0aebfdf5e"/>
    <property name="PROCESSOR_REVISION" value="8e09"/>
    <property name="CLASSPATH" value=""/>
    <property name="CommonProgramW6432" value="C:\Program Files\Common Files"/>
    <property name="TEMP" value="C:\Users\dhanr\AppData\Local\Temp"/>
    <property name="SystemRoot" value="C:\WINDOWS"/>
    <property name="java.vm.info" value="mixed mode"/>
    <property name="USERPROFILE" value="C:\Users\dhanr"/>
    <property name="java.vm.version" value="25.201-b09"/>
    <property name="TMP" value="C:\Users\dhanr\AppData\Local\Temp"/>
    <property name="CommonProgramFiles(x86)" value="C:\Program Files (x86)\Common Files"/>
    <property name="java.ext.dirs" value="C:\Program Files\Java\jdk1.8.0_201\jre\lib\ext;C:\WINDOWS\Sun\Java\lib\ext"/>
    <property name="java.class.version" value="52.0"/>
  </properties>
  <testcase name="checkForLoginPageAppeared" classname="com.qa.tests.LoginTest" time="0.067"/>
  <testcase name="loginSfdc" classname="com.qa.tests.LoginTest" time="81.146"/>
  <testcase name="searchAccount" classname="com.qa.tests.HomePageTest" time="6.313"/>
  <testcase name="validateLogin" classname="com.qa.tests.AccountTest" time="1.14"/>
  <testcase name="createAccountUsingDataProvider" classname="com.qa.tests.AccountTest" time="12.167"/>
  <testcase name="createAccountUsingDataProvider" classname="com.qa.tests.AccountTest" time="8.506"/>
  <testcase name="createAccountUsingDataProvider" classname="com.qa.tests.AccountTest" time="8.847"/>
  <testcase name="createAccountUsingDataProvider" classname="com.qa.tests.AccountTest" time="8.82"/>
  <testcase name="createAccountUsingDataProvider" classname="com.qa.tests.AccountTest" time="8.78"/>
  <testcase name="createAccountUsingDataProvider" classname="com.qa.tests.AccountTest" time="8.63"/>
  <testcase name="createAccountUsingDataProvider" classname="com.qa.tests.AccountTest" time="8.552"/>
  <testcase name="createAccountUsingDataProvider" classname="com.qa.tests.AccountTest" time="8.444"/>
  <testcase name="createAccountUsingDataProvider" classname="com.qa.tests.AccountTest" time="8.932"/>
  <testcase name="createAccountUsingDataProvider" classname="com.qa.tests.AccountTest" time="8.422"/>
  <testcase name="createAccountUsingDataProvider" classname="com.qa.tests.AccountTest" time="2.504"/>
  <testcase name="searchAccount" classname="com.qa.tests.AccountTest" time="0.556"/>
  <testcase name="createContact" classname="com.qa.tests.AccountTest" time="120.911"/>
  <testcase name="goToContactsPage" classname="com.qa.tests.ContactsTest" time="0.715"/>
  <testcase name="searchContact" classname="com.qa.tests.ContactsTest" time="3.938">
    <failure message="Contact Search failed" type="java.lang.AssertionError">java.lang.AssertionError: Contact Search failed
	at com.qa.tests.ContactsTest.searchContact(ContactsTest.java:63)
</failure>
    <system-out><![CDATA[ContactsTest->searchContact Test getting executed
Trying to find Element By : By.xpath: //a[@title='Select List View']
Found Element By : By.xpath: //a[@title='Select List View']
Trying to click on: [[ChromeDriver: chrome on WINDOWS (fa4cadad8f0ab8fa8598542b4b119785)] -> xpath: //a[@title='Select List View']]
Clicked on: [[ChromeDriver: chrome on WINDOWS (fa4cadad8f0ab8fa8598542b4b119785)] -> xpath: //a[@title='Select List View']]
Trying to find Element By : By.xpath: //div[contains(@class,'listContent')]//child::ul[@role='listbox']/li/a/span[text()='All Contacts']
Found Element By : By.xpath: //div[contains(@class,'listContent')]//child::ul[@role='listbox']/li/a/span[text()='All Contacts']
Trying to click on: [[ChromeDriver: chrome on WINDOWS (fa4cadad8f0ab8fa8598542b4b119785)] -> xpath: //div[contains(@class,'listContent')]//child::ul[@role='listbox']/li/a/span[text()='All Contacts']]
Clicked on: [[ChromeDriver: chrome on WINDOWS (fa4cadad8f0ab8fa8598542b4b119785)] -> xpath: //div[contains(@class,'listContent')]//child::ul[@role='listbox']/li/a/span[text()='All Contacts']]
Trying to find Element By : By.xpath: //table/thead//child::span[@title='Name']//ancestor::table
Found Element By : By.xpath: //table/thead//child::span[@title='Name']//ancestor::table
slds-table forceRecordLayout slds-table--header-fixed slds-table--edit slds-table--bordered resizable-cols slds-table--resizable-cols uiVirtualDataTable
Trying to find Element By : By.xpath: //table/thead//child::span[@title='Name']//ancestor::table
Found Element By : By.xpath: //table/thead//child::span[@title='Name']//ancestor::table
Trying to find Element By : By.tagName: tbody
Found Element By : By.tagName: tbody
Trying to find Element By : By.tagName: tr
Found Element By : By.tagName: tr
tr count :-- 8
Trying to find Element By : By.tagName: a
Found Element By : By.tagName: a
Result :- Agasthya Dhanraj
Trying to find Element By : By.tagName: a
Found Element By : By.tagName: a
Trying to find Element By : By.tagName: a
Found Element By : By.tagName: a
Result :- Carole White (Sample)
Trying to find Element By : By.tagName: a
Found Element By : By.tagName: a
Trying to find Element By : By.tagName: a
Found Element By : By.tagName: a
Result :- Geoff Minor (Sample)
Trying to find Element By : By.tagName: a
Found Element By : By.tagName: a
Trying to find Element By : By.tagName: a
Found Element By : By.tagName: a
Result :- Howard Jones (Sample)
Trying to find Element By : By.tagName: a
Found Element By : By.tagName: a
Trying to find Element By : By.tagName: a
Found Element By : By.tagName: a
Result :- Jennifer Stamos (Sample)
Trying to find Element By : By.tagName: a
Found Element By : By.tagName: a
Trying to find Element By : By.tagName: a
Found Element By : By.tagName: a
Result :- Jon Amos (Sample)
Trying to find Element By : By.tagName: a
Found Element By : By.tagName: a
Trying to find Element By : By.tagName: a
Found Element By : By.tagName: a
Result :- Leanne Tomlin (Sample)
Trying to find Element By : By.tagName: a
Found Element By : By.tagName: a
Trying to find Element By : By.tagName: a
Found Element By : By.tagName: a
Result :- Marc Benioff (Sample)
Trying to find Element By : By.tagName: a
Found Element By : By.tagName: a
Contact search failed
]]></system-out>
  </testcase>
</testsuite>