<?xml version="1.0" encoding="UTF-8"?>
<!-- Generated by org.testng.reporters.JUnitReportReporter -->
<testsuite hostname="LAPTOP-3785COIL" name="com.qa.tests.LoginTest" tests="2" failures="0" timestamp="15 Oct 2020 15:30:40 GMT" time="81.212" errors="0">
  <testcase name="checkForLoginPageAppeared" time="0.066" classname="com.qa.tests.LoginTest"/>
  <testcase name="loginSfdc" time="81.146" classname="com.qa.tests.LoginTest"/>
</testsuite> <!-- com.qa.tests.LoginTest -->
