<?xml version="1.0" encoding="UTF-8"?>
<!-- Generated by org.testng.reporters.JUnitReportReporter -->
<testsuite hostname="LAPTOP-3785COIL" name="com.qa.tests.AccountTest" tests="14" failures="0" timestamp="15 Oct 2020 15:30:40 GMT" time="215.210" errors="0">
  <testcase name="validateLogin" time="1.139" classname="com.qa.tests.AccountTest"/>
  <testcase name="createAccountUsingDataProvider" time="8.932" classname="com.qa.tests.AccountTest"/>
  <testcase name="createAccountUsingDataProvider" time="8.422" classname="com.qa.tests.AccountTest"/>
  <testcase name="createAccountUsingDataProvider" time="2.504" classname="com.qa.tests.AccountTest"/>
  <testcase name="createAccountUsingDataProvider" time="8.820" classname="com.qa.tests.AccountTest"/>
  <testcase name="createAccountUsingDataProvider" time="8.506" classname="com.qa.tests.AccountTest"/>
  <testcase name="createAccountUsingDataProvider" time="8.552" classname="com.qa.tests.AccountTest"/>
  <testcase name="searchAccount" time="0.556" classname="com.qa.tests.AccountTest"/>
  <testcase name="createContact" time="120.911" classname="com.qa.tests.AccountTest"/>
  <testcase name="createAccountUsingDataProvider" time="8.444" classname="com.qa.tests.AccountTest"/>
  <testcase name="createAccountUsingDataProvider" time="12.167" classname="com.qa.tests.AccountTest"/>
  <testcase name="createAccountUsingDataProvider" time="8.630" classname="com.qa.tests.AccountTest"/>
  <testcase name="createAccountUsingDataProvider" time="8.847" classname="com.qa.tests.AccountTest"/>
  <testcase name="createAccountUsingDataProvider" time="8.780" classname="com.qa.tests.AccountTest"/>
</testsuite> <!-- com.qa.tests.AccountTest -->
