<?xml version="1.0" encoding="UTF-8"?>
<!-- Generated by org.testng.reporters.JUnitReportReporter -->
<testsuite hostname="LAPTOP-3785COIL" name="com.qa.tests.HomePageTest" tests="1" failures="0" timestamp="15 Oct 2020 15:30:40 GMT" time="6.313" errors="0">
  <testcase name="searchAccount" time="6.313" classname="com.qa.tests.HomePageTest"/>
</testsuite> <!-- com.qa.tests.HomePageTest -->
